Build started 20/05/2016 14:59:39.
     1>Project "C:\Users\Peter Richardson\Documents\GitHub\Cpp-Projects\siteMapGen\siteMapGen\siteMapGen.vcxproj" on node 2 (Rebuild target(s)).
     1>ClCompile:
         C:\Program Files (x86)\Microsoft Visual Studio 11.0\VC\bin\CL.exe /c /ZI /nologo /W3 /WX- /Od /Oy- /D WIN32 /D _DEBUG /D _CONSOLE /D _UNICODE /D UNICODE /Gm /EHsc /RTC1 /MDd /GS /fp:precise /Zc:wchar_t /Zc:forScope /Fo"Debug\\" /Fd"Debug\vc110.pdb" /Gd /TP /analyze- /errorReport:prompt siteMapGen.cpp stdafx.cpp
         stdafx.cpp
         siteMapGen.cpp
     1>c:\users\peter richardson\documents\github\cpp-projects\common\common\xmltextreader.h(121): warning C4018: '<' : signed/unsigned mismatch
     1>c:\users\peter richardson\documents\github\cpp-projects\common\common\xmltextreader.h(159): warning C4018: '<' : signed/unsigned mismatch
     1>c:\users\peter richardson\documents\github\cpp-projects\sitemapgen\sitemapgen\sitemapmanager.h(35): warning C4101: 'toCatch' : unreferenced local variable
         Generating Code...
       Link:
         C:\Program Files (x86)\Microsoft Visual Studio 11.0\VC\bin\link.exe /ERRORREPORT:PROMPT /OUT:"C:\Users\Peter Richardson\Documents\GitHub\Cpp-Projects\siteMapGen\Debug\siteMapGen.exe" /INCREMENTAL /NOLOGO "xerces-c_3D.lib" kernel32.lib user32.lib gdi32.lib winspool.lib comdlg32.lib advapi32.lib shell32.lib ole32.lib oleaut32.lib uuid.lib odbc32.lib odbccp32.lib /MANIFEST /MANIFESTUAC:"level='asInvoker' uiAccess='false'" /manifest:embed /DEBUG /PDB:"C:\Users\Peter Richardson\Documents\GitHub\Cpp-Projects\siteMapGen\Debug\siteMapGen.pdb" /SUBSYSTEM:CONSOLE /TLBID:1 /DYNAMICBASE /NXCOMPAT /IMPLIB:"C:\Users\Peter Richardson\Documents\GitHub\Cpp-Projects\siteMapGen\Debug\siteMapGen.lib" /MACHINE:X86 Debug\siteMapGen.obj
         Debug\stdafx.obj
     1>LINK : fatal error LNK1104: cannot open file 'kernel32.lib'
     1>Done Building Project "C:\Users\Peter Richardson\Documents\GitHub\Cpp-Projects\siteMapGen\siteMapGen\siteMapGen.vcxproj" (Rebuild target(s)) -- FAILED.

Build FAILED.

Time Elapsed 00:00:07.72
